2020-05-31 16:17:08,898 INFO notifyConnectTimeout:200

2020-05-31 16:17:08,898 INFO notifySocketTimeout:8000

2020-05-31 16:17:08,898 INFO isHealthCheck:true

2020-05-31 16:17:08,898 INFO maxHealthCheckFailCount:12

2020-05-31 16:17:08,898 INFO maxContent:10485760

2020-05-31 16:17:10,659 INFO ServerListService address-server port:8848

2020-05-31 16:17:10,660 INFO ADDRESS_SERVER_URL:http://jmenv.tbsite.net:8080/nacos/serverlist

2020-05-31 16:17:10,661 WARN [serverlist] updated to [192.168.56.1]

2020-05-31 16:17:10,736 WARN DumpService start

2020-05-31 16:17:10,739 INFO start clear all config-info.

2020-05-31 16:17:10,744 WARN clear all config-info failed.

2020-05-31 16:17:10,744 WARN clear all config-info-tenant failed.

2020-05-31 16:17:10,836 INFO start clear all config-info-beta.

2020-05-31 16:17:10,836 WARN clear all config-info-beta failed.

2020-05-31 16:17:10,836 WARN clear all config-info-beta-tenant failed.

2020-05-31 16:17:10,847 INFO start clear all config-info-tag.

2020-05-31 16:17:10,848 WARN clear all config-info-tag failed.

2020-05-31 16:17:10,848 WARN clear all config-info-tag-tenant failed.

2020-05-31 23:49:37,388 INFO notifyConnectTimeout:200

2020-05-31 23:49:37,389 INFO notifySocketTimeout:8000

2020-05-31 23:49:37,389 INFO isHealthCheck:true

2020-05-31 23:49:37,389 INFO maxHealthCheckFailCount:12

2020-05-31 23:49:37,389 INFO maxContent:10485760

2020-05-31 23:49:38,133 INFO Schema 'NACOS' already exists.

2020-05-31 23:49:38,181 INFO Table/View 'CONFIG_INFO' already exists in Schema 'NACOS'.

2020-05-31 23:49:38,215 INFO Table/View 'HIS_CONFIG_INFO' already exists in Schema 'NACOS'.

2020-05-31 23:49:38,234 INFO Table/View 'CONFIG_INFO_BETA' already exists in Schema 'NACOS'.

2020-05-31 23:49:38,243 INFO Table/View 'CONFIG_INFO_TAG' already exists in Schema 'NACOS'.

2020-05-31 23:49:38,251 INFO Table/View 'CONFIG_INFO_AGGR' already exists in Schema 'NACOS'.

2020-05-31 23:49:38,261 INFO Table/View 'APP_LIST' already exists in Schema 'NACOS'.

2020-05-31 23:49:38,268 INFO Table/View 'APP_CONFIGDATA_RELATION_SUBS' already exists in Schema 'NACOS'.

2020-05-31 23:49:38,276 INFO Table/View 'APP_CONFIGDATA_RELATION_PUBS' already exists in Schema 'NACOS'.

2020-05-31 23:49:38,283 INFO Table/View 'CONFIG_TAGS_RELATION' already exists in Schema 'NACOS'.

2020-05-31 23:49:38,294 INFO Table/View 'GROUP_CAPACITY' already exists in Schema 'NACOS'.

2020-05-31 23:49:38,301 INFO Table/View 'TENANT_CAPACITY' already exists in Schema 'NACOS'.

2020-05-31 23:49:38,308 INFO Table/View 'TENANT_INFO' already exists in Schema 'NACOS'.

2020-05-31 23:49:38,316 INFO Table/View 'USERS' already exists in Schema 'NACOS'.

2020-05-31 23:49:38,324 INFO Table/View 'ROLES' already exists in Schema 'NACOS'.

2020-05-31 23:49:38,394 INFO The statement was aborted because it would have caused a duplicate key value in a unique or primary key constraint or unique index identified by 'SQL200531161709890' defined on 'USERS'.

2020-05-31 23:49:39,150 INFO ServerListService address-server port:8848

2020-05-31 23:49:39,150 INFO ADDRESS_SERVER_URL:http://jmenv.tbsite.net:8080/nacos/serverlist

2020-05-31 23:49:39,151 WARN [serverlist] updated to [192.168.56.1]

2020-05-31 23:49:39,231 WARN DumpService start

2020-05-31 23:49:39,234 INFO start clear all config-info.

2020-05-31 23:49:39,240 WARN clear all config-info failed.

2020-05-31 23:49:39,240 WARN clear all config-info-tenant failed.

2020-05-31 23:49:39,324 INFO start clear all config-info-beta.

2020-05-31 23:49:39,325 WARN clear all config-info-beta failed.

2020-05-31 23:49:39,325 WARN clear all config-info-beta-tenant failed.

