2020-06-01 00:00:03,898 INFO [RAFT] send beat with 0 keys.

2020-06-01 00:00:03,898 INFO raw beat data size: 163, size of compressed data: 144

2020-06-01 00:00:08,902 INFO [RAFT] send beat with 0 keys.

2020-06-01 00:00:08,902 INFO raw beat data size: 163, size of compressed data: 145

2020-06-01 00:00:13,908 INFO [RAFT] send beat with 0 keys.

2020-06-01 00:00:13,908 INFO raw beat data size: 163, size of compressed data: 142

2020-06-01 00:00:18,914 INFO [RAFT] send beat with 0 keys.

2020-06-01 00:00:18,914 INFO raw beat data size: 163, size of compressed data: 142

2020-06-01 00:00:23,919 INFO [RAFT] send beat with 0 keys.

2020-06-01 00:00:23,919 INFO raw beat data size: 163, size of compressed data: 143

2020-06-01 00:00:28,924 INFO [RAFT] send beat with 0 keys.

2020-06-01 00:00:28,924 INFO raw beat data size: 163, size of compressed data: 140

2020-06-01 00:00:33,930 INFO [RAFT] send beat with 0 keys.

2020-06-01 00:00:33,930 INFO raw beat data size: 163, size of compressed data: 145

2020-06-01 00:00:38,935 INFO [RAFT] send beat with 0 keys.

2020-06-01 00:00:38,935 INFO raw beat data size: 163, size of compressed data: 147

2020-06-01 00:00:43,940 INFO [RAFT] send beat with 0 keys.

2020-06-01 00:00:43,940 INFO raw beat data size: 163, size of compressed data: 146

2020-06-01 00:00:48,945 INFO [RAFT] send beat with 0 keys.

2020-06-01 00:00:48,945 INFO raw beat data size: 163, size of compressed data: 140

2020-06-01 00:00:53,951 INFO [RAFT] send beat with 0 keys.

2020-06-01 00:00:53,951 INFO raw beat data size: 163, size of compressed data: 144

2020-06-01 00:00:58,956 INFO [RAFT] send beat with 0 keys.

2020-06-01 00:00:58,956 INFO raw beat data size: 163, size of compressed data: 141

2020-06-01 00:01:03,961 INFO [RAFT] send beat with 0 keys.

2020-06-01 00:01:03,961 INFO raw beat data size: 163, size of compressed data: 139

2020-06-01 00:01:08,966 INFO [RAFT] send beat with 0 keys.

2020-06-01 00:01:08,966 INFO raw beat data size: 163, size of compressed data: 142

2020-06-01 00:01:13,971 INFO [RAFT] send beat with 0 keys.

2020-06-01 00:01:13,971 INFO raw beat data size: 163, size of compressed data: 141

2020-06-01 00:01:18,976 INFO [RAFT] send beat with 0 keys.

2020-06-01 00:01:18,976 INFO raw beat data size: 163, size of compressed data: 141

2020-06-01 00:01:23,981 INFO [RAFT] send beat with 0 keys.

2020-06-01 00:01:23,981 INFO raw beat data size: 163, size of compressed data: 139

2020-06-01 00:01:28,986 INFO [RAFT] send beat with 0 keys.

2020-06-01 00:01:28,986 INFO raw beat data size: 163, size of compressed data: 139

2020-06-01 00:01:33,991 INFO [RAFT] send beat with 0 keys.

2020-06-01 00:01:33,991 INFO raw beat data size: 163, size of compressed data: 134

2020-06-01 00:01:38,995 INFO [RAFT] send beat with 0 keys.

2020-06-01 00:01:38,995 INFO raw beat data size: 163, size of compressed data: 139

2020-06-01 00:01:44,001 INFO [RAFT] send beat with 0 keys.

2020-06-01 00:01:44,001 INFO raw beat data size: 163, size of compressed data: 142

2020-06-01 00:01:49,006 INFO [RAFT] send beat with 0 keys.

2020-06-01 00:01:49,006 INFO raw beat data size: 163, size of compressed data: 142

2020-06-01 00:01:54,012 INFO [RAFT] send beat with 0 keys.

2020-06-01 00:01:54,012 INFO raw beat data size: 163, size of compressed data: 146

2020-06-01 00:01:59,018 INFO [RAFT] send beat with 0 keys.

2020-06-01 00:01:59,018 INFO raw beat data size: 163, size of compressed data: 139

2020-06-01 00:02:04,024 INFO [RAFT] send beat with 0 keys.

2020-06-01 00:02:04,024 INFO raw beat data size: 163, size of compressed data: 143

2020-06-01 00:02:09,028 INFO [RAFT] send beat with 0 keys.

2020-06-01 00:02:09,028 INFO raw beat data size: 163, size of compressed data: 142

2020-06-01 00:02:14,034 INFO [RAFT] send beat with 0 keys.

2020-06-01 00:02:14,034 INFO raw beat data size: 163, size of compressed data: 140

2020-06-01 00:02:19,040 INFO [RAFT] send beat with 0 keys.

2020-06-01 00:02:19,040 INFO raw beat data size: 163, size of compressed data: 141

2020-06-01 00:02:24,045 INFO [RAFT] send beat with 0 keys.

2020-06-01 00:02:24,045 INFO raw beat data size: 163, size of compressed data: 143

2020-06-01 00:02:29,050 INFO [RAFT] send beat with 0 keys.

2020-06-01 00:02:29,050 INFO raw beat data size: 163, size of compressed data: 143

2020-06-01 00:02:34,055 INFO [RAFT] send beat with 0 keys.

2020-06-01 00:02:34,055 INFO raw beat data size: 163, size of compressed data: 146

2020-06-01 00:02:39,060 INFO [RAFT] send beat with 0 keys.

2020-06-01 00:02:39,060 INFO raw beat data size: 163, size of compressed data: 139

2020-06-01 00:02:44,065 INFO [RAFT] send beat with 0 keys.

2020-06-01 00:02:44,065 INFO raw beat data size: 163, size of compressed data: 144

2020-06-01 00:02:49,071 INFO [RAFT] send beat with 0 keys.

2020-06-01 00:02:49,071 INFO raw beat data size: 163, size of compressed data: 141

2020-06-01 00:02:54,075 INFO [RAFT] send beat with 0 keys.

2020-06-01 00:02:54,075 INFO raw beat data size: 163, size of compressed data: 135

2020-06-01 00:02:59,081 INFO [RAFT] send beat with 0 keys.

2020-06-01 00:02:59,081 INFO raw beat data size: 163, size of compressed data: 138

2020-06-01 00:03:04,086 INFO [RAFT] send beat with 0 keys.

2020-06-01 00:03:04,086 INFO raw beat data size: 163, size of compressed data: 143

2020-06-01 00:03:09,091 INFO [RAFT] send beat with 0 keys.

2020-06-01 00:03:09,091 INFO raw beat data size: 163, size of compressed data: 146

2020-06-01 00:03:14,096 INFO [RAFT] send beat with 0 keys.

2020-06-01 00:03:14,096 INFO raw beat data size: 163, size of compressed data: 138

2020-06-01 00:03:19,101 INFO [RAFT] send beat with 0 keys.

2020-06-01 00:03:19,101 INFO raw beat data size: 163, size of compressed data: 140

2020-06-01 00:03:24,106 INFO [RAFT] send beat with 0 keys.

2020-06-01 00:03:24,106 INFO raw beat data size: 163, size of compressed data: 146

2020-06-01 00:03:29,111 INFO [RAFT] send beat with 0 keys.

2020-06-01 00:03:29,111 INFO raw beat data size: 163, size of compressed data: 141

2020-06-01 00:03:34,116 INFO [RAFT] send beat with 0 keys.

2020-06-01 00:03:34,116 INFO raw beat data size: 163, size of compressed data: 140

2020-06-01 00:03:39,121 INFO [RAFT] send beat with 0 keys.

2020-06-01 00:03:39,121 INFO raw beat data size: 163, size of compressed data: 141

2020-06-01 00:03:44,126 INFO [RAFT] send beat with 0 keys.

2020-06-01 00:03:44,126 INFO raw beat data size: 163, size of compressed data: 142

2020-06-01 00:03:49,131 INFO [RAFT] send beat with 0 keys.

2020-06-01 00:03:49,131 INFO raw beat data size: 163, size of compressed data: 144

2020-06-01 00:03:54,136 INFO [RAFT] send beat with 0 keys.

2020-06-01 00:03:54,136 INFO raw beat data size: 163, size of compressed data: 147

2020-06-01 00:03:59,140 INFO [RAFT] send beat with 0 keys.

2020-06-01 00:03:59,140 INFO raw beat data size: 163, size of compressed data: 140

2020-06-01 00:04:04,145 INFO [RAFT] send beat with 0 keys.

2020-06-01 00:04:04,145 INFO raw beat data size: 163, size of compressed data: 146

2020-06-01 00:04:09,150 INFO [RAFT] send beat with 0 keys.

2020-06-01 00:04:09,150 INFO raw beat data size: 163, size of compressed data: 141

2020-06-01 00:04:14,155 INFO [RAFT] send beat with 0 keys.

2020-06-01 00:04:14,155 INFO raw beat data size: 163, size of compressed data: 142

2020-06-01 00:04:19,160 INFO [RAFT] send beat with 0 keys.

2020-06-01 00:04:19,160 INFO raw beat data size: 163, size of compressed data: 143

2020-06-01 00:04:24,164 INFO [RAFT] send beat with 0 keys.

2020-06-01 00:04:24,164 INFO raw beat data size: 163, size of compressed data: 142

2020-06-01 00:04:29,169 INFO [RAFT] send beat with 0 keys.

2020-06-01 00:04:29,169 INFO raw beat data size: 163, size of compressed data: 142

2020-06-01 00:04:34,174 INFO [RAFT] send beat with 0 keys.

2020-06-01 00:04:34,174 INFO raw beat data size: 163, size of compressed data: 145

2020-06-01 00:04:39,179 INFO [RAFT] send beat with 0 keys.

2020-06-01 00:04:39,179 INFO raw beat data size: 163, size of compressed data: 143

2020-06-01 00:04:44,184 INFO [RAFT] send beat with 0 keys.

2020-06-01 00:04:44,184 INFO raw beat data size: 163, size of compressed data: 144

2020-06-01 00:04:49,189 INFO [RAFT] send beat with 0 keys.

2020-06-01 00:04:49,189 INFO raw beat data size: 163, size of compressed data: 146

2020-06-01 00:04:54,195 INFO [RAFT] send beat with 0 keys.

2020-06-01 00:04:54,195 INFO raw beat data size: 163, size of compressed data: 142

2020-06-01 00:04:59,200 INFO [RAFT] send beat with 0 keys.

2020-06-01 00:04:59,200 INFO raw beat data size: 163, size of compressed data: 142

2020-06-01 00:05:04,207 INFO [RAFT] send beat with 0 keys.

2020-06-01 00:05:04,207 INFO raw beat data size: 163, size of compressed data: 141

2020-06-01 00:05:09,213 INFO [RAFT] send beat with 0 keys.

2020-06-01 00:05:09,213 INFO raw beat data size: 163, size of compressed data: 146

2020-06-01 00:05:14,218 INFO [RAFT] send beat with 0 keys.

2020-06-01 00:05:14,218 INFO raw beat data size: 163, size of compressed data: 140

2020-06-01 00:05:19,223 INFO [RAFT] send beat with 0 keys.

2020-06-01 00:05:19,223 INFO raw beat data size: 163, size of compressed data: 139

2020-06-01 00:05:24,229 INFO [RAFT] send beat with 0 keys.

2020-06-01 00:05:24,229 INFO raw beat data size: 163, size of compressed data: 141

2020-06-01 00:05:29,233 INFO [RAFT] send beat with 0 keys.

2020-06-01 00:05:29,233 INFO raw beat data size: 163, size of compressed data: 137

2020-06-01 00:05:34,238 INFO [RAFT] send beat with 0 keys.

2020-06-01 00:05:34,238 INFO raw beat data size: 163, size of compressed data: 139

2020-06-01 00:05:39,244 INFO [RAFT] send beat with 0 keys.

2020-06-01 00:05:39,244 INFO raw beat data size: 163, size of compressed data: 143

2020-06-01 00:05:44,249 INFO [RAFT] send beat with 0 keys.

2020-06-01 00:05:44,249 INFO raw beat data size: 163, size of compressed data: 134

2020-06-01 00:05:49,255 INFO [RAFT] send beat with 0 keys.

2020-06-01 00:05:49,255 INFO raw beat data size: 163, size of compressed data: 138

2020-06-01 00:05:54,260 INFO [RAFT] send beat with 0 keys.

2020-06-01 00:05:54,260 INFO raw beat data size: 163, size of compressed data: 141

2020-06-01 00:05:59,265 INFO [RAFT] send beat with 0 keys.

2020-06-01 00:05:59,265 INFO raw beat data size: 163, size of compressed data: 142

2020-06-01 00:06:04,270 INFO [RAFT] send beat with 0 keys.

2020-06-01 00:06:04,270 INFO raw beat data size: 163, size of compressed data: 136

2020-06-01 00:06:09,276 INFO [RAFT] send beat with 0 keys.

2020-06-01 00:06:09,276 INFO raw beat data size: 163, size of compressed data: 143

2020-06-01 00:06:14,281 INFO [RAFT] send beat with 0 keys.

2020-06-01 00:06:14,281 INFO raw beat data size: 163, size of compressed data: 140

2020-06-01 00:06:19,286 INFO [RAFT] send beat with 0 keys.

2020-06-01 00:06:19,286 INFO raw beat data size: 163, size of compressed data: 142

2020-06-01 00:06:24,291 INFO [RAFT] send beat with 0 keys.

2020-06-01 00:06:24,291 INFO raw beat data size: 163, size of compressed data: 143

2020-06-01 00:06:29,297 INFO [RAFT] send beat with 0 keys.

2020-06-01 00:06:29,297 INFO raw beat data size: 163, size of compressed data: 138

2020-06-01 00:06:34,302 INFO [RAFT] send beat with 0 keys.

2020-06-01 00:06:34,302 INFO raw beat data size: 163, size of compressed data: 138

2020-06-01 00:06:39,307 INFO [RAFT] send beat with 0 keys.

2020-06-01 00:06:39,307 INFO raw beat data size: 163, size of compressed data: 144

2020-06-01 00:06:44,312 INFO [RAFT] send beat with 0 keys.

2020-06-01 00:06:44,312 INFO raw beat data size: 163, size of compressed data: 143

2020-06-01 00:06:49,317 INFO [RAFT] send beat with 0 keys.

2020-06-01 00:06:49,317 INFO raw beat data size: 163, size of compressed data: 141

2020-06-01 00:06:54,323 INFO [RAFT] send beat with 0 keys.

2020-06-01 00:06:54,323 INFO raw beat data size: 163, size of compressed data: 145

2020-06-01 00:06:59,328 INFO [RAFT] send beat with 0 keys.

2020-06-01 00:06:59,328 INFO raw beat data size: 163, size of compressed data: 138

2020-06-01 00:07:04,333 INFO [RAFT] send beat with 0 keys.

2020-06-01 00:07:04,333 INFO raw beat data size: 163, size of compressed data: 142

2020-06-01 00:07:09,338 INFO [RAFT] send beat with 0 keys.

2020-06-01 00:07:09,338 INFO raw beat data size: 163, size of compressed data: 139

2020-06-01 00:07:14,343 INFO [RAFT] send beat with 0 keys.

2020-06-01 00:07:14,343 INFO raw beat data size: 163, size of compressed data: 147

2020-06-01 00:07:19,349 INFO [RAFT] send beat with 0 keys.

2020-06-01 00:07:19,349 INFO raw beat data size: 163, size of compressed data: 144

2020-06-01 00:07:24,354 INFO [RAFT] send beat with 0 keys.

2020-06-01 00:07:24,354 INFO raw beat data size: 163, size of compressed data: 134

2020-06-01 00:07:29,359 INFO [RAFT] send beat with 0 keys.

2020-06-01 00:07:29,359 INFO raw beat data size: 163, size of compressed data: 140

2020-06-01 00:07:34,363 INFO [RAFT] send beat with 0 keys.

2020-06-01 00:07:34,363 INFO raw beat data size: 163, size of compressed data: 144

2020-06-01 00:07:39,369 INFO [RAFT] send beat with 0 keys.

2020-06-01 00:07:39,369 INFO raw beat data size: 163, size of compressed data: 141

2020-06-01 00:07:44,375 INFO [RAFT] send beat with 0 keys.

2020-06-01 00:07:44,375 INFO raw beat data size: 163, size of compressed data: 142

2020-06-01 00:07:49,379 INFO [RAFT] send beat with 0 keys.

2020-06-01 00:07:49,379 INFO raw beat data size: 163, size of compressed data: 138

2020-06-01 00:07:54,384 INFO [RAFT] send beat with 0 keys.

2020-06-01 00:07:54,384 INFO raw beat data size: 163, size of compressed data: 136

2020-06-01 00:07:59,390 INFO [RAFT] send beat with 0 keys.

2020-06-01 00:07:59,390 INFO raw beat data size: 163, size of compressed data: 139

2020-06-01 00:08:04,397 INFO [RAFT] send beat with 0 keys.

2020-06-01 00:08:04,397 INFO raw beat data size: 163, size of compressed data: 143

2020-06-01 00:08:09,402 INFO [RAFT] send beat with 0 keys.

2020-06-01 00:08:09,402 INFO raw beat data size: 163, size of compressed data: 143

2020-06-01 00:08:14,407 INFO [RAFT] send beat with 0 keys.

2020-06-01 00:08:14,407 INFO raw beat data size: 163, size of compressed data: 141

2020-06-01 00:08:19,411 INFO [RAFT] send beat with 0 keys.

2020-06-01 00:08:19,411 INFO raw beat data size: 163, size of compressed data: 140

2020-06-01 00:08:24,416 INFO [RAFT] send beat with 0 keys.

2020-06-01 00:08:24,416 INFO raw beat data size: 163, size of compressed data: 141

2020-06-01 00:08:29,421 INFO [RAFT] send beat with 0 keys.

2020-06-01 00:08:29,421 INFO raw beat data size: 163, size of compressed data: 139

2020-06-01 00:08:34,426 INFO [RAFT] send beat with 0 keys.

2020-06-01 00:08:34,426 INFO raw beat data size: 163, size of compressed data: 139

2020-06-01 00:08:39,433 INFO [RAFT] send beat with 0 keys.

2020-06-01 00:08:39,433 INFO raw beat data size: 163, size of compressed data: 136

2020-06-01 00:08:44,438 INFO [RAFT] send beat with 0 keys.

2020-06-01 00:08:44,438 INFO raw beat data size: 163, size of compressed data: 142

2020-06-01 00:08:49,444 INFO [RAFT] send beat with 0 keys.

2020-06-01 00:08:49,444 INFO raw beat data size: 163, size of compressed data: 143

2020-06-01 00:08:54,450 INFO [RAFT] send beat with 0 keys.

2020-06-01 00:08:54,450 INFO raw beat data size: 163, size of compressed data: 145

2020-06-01 00:08:59,455 INFO [RAFT] send beat with 0 keys.

2020-06-01 00:08:59,455 INFO raw beat data size: 163, size of compressed data: 142

2020-06-01 00:09:04,460 INFO [RAFT] send beat with 0 keys.

2020-06-01 00:09:04,460 INFO raw beat data size: 163, size of compressed data: 142

2020-06-01 00:09:09,465 INFO [RAFT] send beat with 0 keys.

2020-06-01 00:09:09,465 INFO raw beat data size: 163, size of compressed data: 144

2020-06-01 00:09:14,471 INFO [RAFT] send beat with 0 keys.

2020-06-01 00:09:14,471 INFO raw beat data size: 163, size of compressed data: 141

2020-06-01 00:09:19,476 INFO [RAFT] send beat with 0 keys.

2020-06-01 00:09:19,476 INFO raw beat data size: 163, size of compressed data: 141

2020-06-01 00:09:24,483 INFO [RAFT] send beat with 0 keys.

2020-06-01 00:09:24,483 INFO raw beat data size: 163, size of compressed data: 142

2020-06-01 00:09:29,488 INFO [RAFT] send beat with 0 keys.

2020-06-01 00:09:29,488 INFO raw beat data size: 163, size of compressed data: 141

2020-06-01 00:09:34,494 INFO [RAFT] send beat with 0 keys.

2020-06-01 00:09:34,494 INFO raw beat data size: 163, size of compressed data: 141

2020-06-01 00:09:39,499 INFO [RAFT] send beat with 0 keys.

2020-06-01 00:09:39,499 INFO raw beat data size: 163, size of compressed data: 142

2020-06-01 00:09:44,503 INFO [RAFT] send beat with 0 keys.

2020-06-01 00:09:44,503 INFO raw beat data size: 163, size of compressed data: 144

2020-06-01 00:09:49,509 INFO [RAFT] send beat with 0 keys.

2020-06-01 00:09:49,509 INFO raw beat data size: 163, size of compressed data: 141

2020-06-01 00:09:54,516 INFO [RAFT] send beat with 0 keys.

2020-06-01 00:09:54,516 INFO raw beat data size: 163, size of compressed data: 142

2020-06-01 00:09:59,520 INFO [RAFT] send beat with 0 keys.

2020-06-01 00:09:59,520 INFO raw beat data size: 163, size of compressed data: 143

2020-06-01 00:10:04,525 INFO [RAFT] send beat with 0 keys.

2020-06-01 00:10:04,525 INFO raw beat data size: 163, size of compressed data: 142

2020-06-01 00:10:09,530 INFO [RAFT] send beat with 0 keys.

2020-06-01 00:10:09,530 INFO raw beat data size: 163, size of compressed data: 138

2020-06-01 00:10:14,536 INFO [RAFT] send beat with 0 keys.

2020-06-01 00:10:14,536 INFO raw beat data size: 163, size of compressed data: 136

2020-06-01 00:10:19,541 INFO [RAFT] send beat with 0 keys.

2020-06-01 00:10:19,541 INFO raw beat data size: 163, size of compressed data: 141

2020-06-01 00:10:24,547 INFO [RAFT] send beat with 0 keys.

2020-06-01 00:10:24,547 INFO raw beat data size: 163, size of compressed data: 147

2020-06-01 00:10:29,552 INFO [RAFT] send beat with 0 keys.

2020-06-01 00:10:29,552 INFO raw beat data size: 163, size of compressed data: 141

2020-06-01 00:10:34,557 INFO [RAFT] send beat with 0 keys.

2020-06-01 00:10:34,557 INFO raw beat data size: 163, size of compressed data: 141

2020-06-01 00:10:39,561 INFO [RAFT] send beat with 0 keys.

2020-06-01 00:10:39,561 INFO raw beat data size: 163, size of compressed data: 142

2020-06-01 00:10:44,566 INFO [RAFT] send beat with 0 keys.

2020-06-01 00:10:44,566 INFO raw beat data size: 163, size of compressed data: 141

2020-06-01 00:10:49,571 INFO [RAFT] send beat with 0 keys.

2020-06-01 00:10:49,571 INFO raw beat data size: 163, size of compressed data: 141

2020-06-01 00:10:54,577 INFO [RAFT] send beat with 0 keys.

2020-06-01 00:10:54,577 INFO raw beat data size: 163, size of compressed data: 142

2020-06-01 00:10:59,581 INFO [RAFT] send beat with 0 keys.

2020-06-01 00:10:59,581 INFO raw beat data size: 163, size of compressed data: 145

2020-06-01 00:11:04,588 INFO [RAFT] send beat with 0 keys.

2020-06-01 00:11:04,588 INFO raw beat data size: 163, size of compressed data: 135

2020-06-01 00:11:09,594 INFO [RAFT] send beat with 0 keys.

2020-06-01 00:11:09,594 INFO raw beat data size: 163, size of compressed data: 140

2020-06-01 00:11:14,599 INFO [RAFT] send beat with 0 keys.

2020-06-01 00:11:14,599 INFO raw beat data size: 163, size of compressed data: 139

2020-06-01 00:11:19,603 INFO [RAFT] send beat with 0 keys.

2020-06-01 00:11:19,603 INFO raw beat data size: 163, size of compressed data: 141

2020-06-01 00:11:24,608 INFO [RAFT] send beat with 0 keys.

2020-06-01 00:11:24,608 INFO raw beat data size: 163, size of compressed data: 140

2020-06-01 00:11:29,613 INFO [RAFT] send beat with 0 keys.

2020-06-01 00:11:29,613 INFO raw beat data size: 163, size of compressed data: 143

2020-06-01 00:11:34,618 INFO [RAFT] send beat with 0 keys.

2020-06-01 00:11:34,618 INFO raw beat data size: 163, size of compressed data: 143

2020-06-01 00:11:39,624 INFO [RAFT] send beat with 0 keys.

2020-06-01 00:11:39,624 INFO raw beat data size: 163, size of compressed data: 143

2020-06-01 00:11:44,629 INFO [RAFT] send beat with 0 keys.

2020-06-01 00:11:44,629 INFO raw beat data size: 163, size of compressed data: 141

2020-06-01 00:11:49,634 INFO [RAFT] send beat with 0 keys.

2020-06-01 00:11:49,634 INFO raw beat data size: 163, size of compressed data: 142

2020-06-01 00:11:54,639 INFO [RAFT] send beat with 0 keys.

2020-06-01 00:11:54,639 INFO raw beat data size: 163, size of compressed data: 143

2020-06-01 00:11:59,644 INFO [RAFT] send beat with 0 keys.

2020-06-01 00:11:59,644 INFO raw beat data size: 163, size of compressed data: 142

2020-06-01 00:12:04,649 INFO [RAFT] send beat with 0 keys.

2020-06-01 00:12:04,649 INFO raw beat data size: 163, size of compressed data: 145

2020-06-01 00:12:09,654 INFO [RAFT] send beat with 0 keys.

2020-06-01 00:12:09,654 INFO raw beat data size: 163, size of compressed data: 140

2020-06-01 00:12:14,660 INFO [RAFT] send beat with 0 keys.

2020-06-01 00:12:14,660 INFO raw beat data size: 163, size of compressed data: 142

2020-06-01 00:12:19,665 INFO [RAFT] send beat with 0 keys.

2020-06-01 00:12:19,665 INFO raw beat data size: 163, size of compressed data: 143

2020-06-01 00:12:24,671 INFO [RAFT] send beat with 0 keys.

2020-06-01 00:12:24,671 INFO raw beat data size: 163, size of compressed data: 142

2020-06-01 00:12:29,676 INFO [RAFT] send beat with 0 keys.

2020-06-01 00:12:29,676 INFO raw beat data size: 163, size of compressed data: 140

2020-06-01 00:12:34,681 INFO [RAFT] send beat with 0 keys.

2020-06-01 00:12:34,681 INFO raw beat data size: 163, size of compressed data: 141

2020-06-01 00:12:39,686 INFO [RAFT] send beat with 0 keys.

2020-06-01 00:12:39,686 INFO raw beat data size: 163, size of compressed data: 138

2020-06-01 00:12:44,691 INFO [RAFT] send beat with 0 keys.

2020-06-01 00:12:44,691 INFO raw beat data size: 163, size of compressed data: 142

2020-06-01 00:12:49,697 INFO [RAFT] send beat with 0 keys.

2020-06-01 00:12:49,697 INFO raw beat data size: 163, size of compressed data: 143

2020-06-01 00:12:54,702 INFO [RAFT] send beat with 0 keys.

2020-06-01 00:12:54,702 INFO raw beat data size: 163, size of compressed data: 143

2020-06-01 00:12:59,706 INFO [RAFT] send beat with 0 keys.

2020-06-01 00:12:59,706 INFO raw beat data size: 163, size of compressed data: 141

2020-06-01 00:13:04,713 INFO [RAFT] send beat with 0 keys.

2020-06-01 00:13:04,713 INFO raw beat data size: 163, size of compressed data: 144

2020-06-01 00:13:09,718 INFO [RAFT] send beat with 0 keys.

2020-06-01 00:13:09,718 INFO raw beat data size: 163, size of compressed data: 140

2020-06-01 00:13:14,723 INFO [RAFT] send beat with 0 keys.

2020-06-01 00:13:14,723 INFO raw beat data size: 163, size of compressed data: 142

2020-06-01 00:13:19,728 INFO [RAFT] send beat with 0 keys.

2020-06-01 00:13:19,728 INFO raw beat data size: 163, size of compressed data: 138

2020-06-01 00:13:24,732 INFO [RAFT] send beat with 0 keys.

2020-06-01 00:13:24,732 INFO raw beat data size: 163, size of compressed data: 142

2020-06-01 00:13:29,737 INFO [RAFT] send beat with 0 keys.

2020-06-01 00:13:29,737 INFO raw beat data size: 163, size of compressed data: 141

2020-06-01 00:13:34,743 INFO [RAFT] send beat with 0 keys.

2020-06-01 00:13:34,743 INFO raw beat data size: 163, size of compressed data: 144

2020-06-01 00:13:39,748 INFO [RAFT] send beat with 0 keys.

2020-06-01 00:13:39,748 INFO raw beat data size: 163, size of compressed data: 143

2020-06-01 00:13:44,752 INFO [RAFT] send beat with 0 keys.

2020-06-01 00:13:44,752 INFO raw beat data size: 163, size of compressed data: 143

2020-06-01 00:13:49,757 INFO [RAFT] send beat with 0 keys.

2020-06-01 00:13:49,757 INFO raw beat data size: 163, size of compressed data: 139

2020-06-01 00:13:54,762 INFO [RAFT] send beat with 0 keys.

2020-06-01 00:13:54,762 INFO raw beat data size: 163, size of compressed data: 144

2020-06-01 00:13:59,767 INFO [RAFT] send beat with 0 keys.

2020-06-01 00:13:59,767 INFO raw beat data size: 163, size of compressed data: 139

2020-06-01 00:14:04,774 INFO [RAFT] send beat with 0 keys.

2020-06-01 00:14:04,774 INFO raw beat data size: 163, size of compressed data: 141

2020-06-01 00:14:09,779 INFO [RAFT] send beat with 0 keys.

2020-06-01 00:14:09,779 INFO raw beat data size: 163, size of compressed data: 136

2020-06-01 00:14:14,786 INFO [RAFT] send beat with 0 keys.

2020-06-01 00:14:14,786 INFO raw beat data size: 163, size of compressed data: 142

2020-06-01 00:14:19,791 INFO [RAFT] send beat with 0 keys.

2020-06-01 00:14:19,791 INFO raw beat data size: 163, size of compressed data: 139

2020-06-01 00:14:24,798 INFO [RAFT] send beat with 0 keys.

2020-06-01 00:14:24,798 INFO raw beat data size: 163, size of compressed data: 142

2020-06-01 00:14:29,805 INFO [RAFT] send beat with 0 keys.

2020-06-01 00:14:29,805 INFO raw beat data size: 163, size of compressed data: 143

2020-06-01 00:14:34,811 INFO [RAFT] send beat with 0 keys.

2020-06-01 00:14:34,811 INFO raw beat data size: 163, size of compressed data: 141

2020-06-01 00:14:39,816 INFO [RAFT] send beat with 0 keys.

2020-06-01 00:14:39,816 INFO raw beat data size: 163, size of compressed data: 141

2020-06-01 00:14:44,823 INFO [RAFT] send beat with 0 keys.

2020-06-01 00:14:44,823 INFO raw beat data size: 163, size of compressed data: 145

2020-06-01 00:14:49,830 INFO [RAFT] send beat with 0 keys.

2020-06-01 00:14:49,830 INFO raw beat data size: 163, size of compressed data: 142

2020-06-01 00:14:54,834 INFO [RAFT] send beat with 0 keys.

2020-06-01 00:14:54,834 INFO raw beat data size: 163, size of compressed data: 145

2020-06-01 00:14:59,841 INFO [RAFT] send beat with 0 keys.

2020-06-01 00:14:59,841 INFO raw beat data size: 163, size of compressed data: 139

2020-06-01 00:15:04,848 INFO [RAFT] send beat with 0 keys.

2020-06-01 00:15:04,848 INFO raw beat data size: 163, size of compressed data: 142

2020-06-01 00:15:09,855 INFO [RAFT] send beat with 0 keys.

2020-06-01 00:15:09,855 INFO raw beat data size: 163, size of compressed data: 141

2020-06-01 00:15:14,860 INFO [RAFT] send beat with 0 keys.

2020-06-01 00:15:14,860 INFO raw beat data size: 163, size of compressed data: 140

2020-06-01 00:15:19,866 INFO [RAFT] send beat with 0 keys.

2020-06-01 00:15:19,866 INFO raw beat data size: 163, size of compressed data: 140

2020-06-01 00:15:24,871 INFO [RAFT] send beat with 0 keys.

2020-06-01 00:15:24,871 INFO raw beat data size: 163, size of compressed data: 137

2020-06-01 00:15:29,875 INFO [RAFT] send beat with 0 keys.

2020-06-01 00:15:29,875 INFO raw beat data size: 163, size of compressed data: 144

2020-06-01 00:15:34,880 INFO [RAFT] send beat with 0 keys.

2020-06-01 00:15:34,880 INFO raw beat data size: 163, size of compressed data: 142

2020-06-01 00:15:39,886 INFO [RAFT] send beat with 0 keys.

2020-06-01 00:15:39,886 INFO raw beat data size: 163, size of compressed data: 142

2020-06-01 00:15:44,890 INFO [RAFT] send beat with 0 keys.

2020-06-01 00:15:44,890 INFO raw beat data size: 163, size of compressed data: 142

2020-06-01 00:15:49,895 INFO [RAFT] send beat with 0 keys.

2020-06-01 00:15:49,895 INFO raw beat data size: 163, size of compressed data: 140

2020-06-01 00:15:54,901 INFO [RAFT] send beat with 0 keys.

2020-06-01 00:15:54,901 INFO raw beat data size: 163, size of compressed data: 138

2020-06-01 00:15:59,906 INFO [RAFT] send beat with 0 keys.

2020-06-01 00:15:59,906 INFO raw beat data size: 163, size of compressed data: 145

2020-06-01 00:16:04,912 INFO [RAFT] send beat with 0 keys.

2020-06-01 00:16:04,912 INFO raw beat data size: 163, size of compressed data: 140

2020-06-01 00:16:09,917 INFO [RAFT] send beat with 0 keys.

2020-06-01 00:16:09,917 INFO raw beat data size: 163, size of compressed data: 140

2020-06-01 00:16:14,922 INFO [RAFT] send beat with 0 keys.

2020-06-01 00:16:14,922 INFO raw beat data size: 163, size of compressed data: 141

2020-06-01 00:16:19,928 INFO [RAFT] send beat with 0 keys.

2020-06-01 00:16:19,928 INFO raw beat data size: 163, size of compressed data: 144

2020-06-01 00:16:24,938 INFO [RAFT] send beat with 0 keys.

2020-06-01 00:16:24,938 INFO raw beat data size: 163, size of compressed data: 142

2020-06-01 00:16:29,945 INFO [RAFT] send beat with 0 keys.

2020-06-01 00:16:29,945 INFO raw beat data size: 163, size of compressed data: 140

2020-06-01 00:16:30,226 INFO add listener: com.alibaba.nacos.naming.iplist.a809b1e2-3bc6-4054-826d-a93716cb56b9##DEFAULT_GROUP@@user-center

2020-06-01 00:16:32,688 INFO add listener: com.alibaba.nacos.naming.iplist.public##DEFAULT_GROUP@@content-center

2020-06-01 00:16:34,951 INFO [RAFT] send beat with 0 keys.

2020-06-01 00:16:34,951 INFO raw beat data size: 163, size of compressed data: 143

2020-06-01 00:16:39,957 INFO [RAFT] send beat with 0 keys.

2020-06-01 00:16:39,957 INFO raw beat data size: 163, size of compressed data: 139

2020-06-01 00:16:44,964 INFO [RAFT] send beat with 0 keys.

2020-06-01 00:16:44,964 INFO raw beat data size: 163, size of compressed data: 140

2020-06-01 00:16:49,968 INFO [RAFT] send beat with 0 keys.

2020-06-01 00:16:49,968 INFO raw beat data size: 163, size of compressed data: 140

2020-06-01 00:16:54,973 INFO [RAFT] send beat with 0 keys.

2020-06-01 00:16:54,973 INFO raw beat data size: 163, size of compressed data: 135

2020-06-01 00:16:59,976 INFO [RAFT] send beat with 0 keys.

2020-06-01 00:16:59,976 INFO raw beat data size: 163, size of compressed data: 143

2020-06-01 00:17:04,983 INFO [RAFT] send beat with 0 keys.

2020-06-01 00:17:04,983 INFO raw beat data size: 163, size of compressed data: 142

2020-06-01 00:17:09,989 INFO [RAFT] send beat with 0 keys.

2020-06-01 00:17:09,989 INFO raw beat data size: 163, size of compressed data: 141

2020-06-01 00:17:14,995 INFO [RAFT] send beat with 0 keys.

2020-06-01 00:17:14,995 INFO raw beat data size: 163, size of compressed data: 145

2020-06-01 00:17:20,000 INFO [RAFT] send beat with 0 keys.

2020-06-01 00:17:20,000 INFO raw beat data size: 163, size of compressed data: 139

2020-06-01 00:17:25,006 INFO [RAFT] send beat with 0 keys.

2020-06-01 00:17:25,006 INFO raw beat data size: 163, size of compressed data: 145

2020-06-01 00:17:30,010 INFO [RAFT] send beat with 0 keys.

2020-06-01 00:17:30,010 INFO raw beat data size: 163, size of compressed data: 137

2020-06-01 00:17:35,016 INFO [RAFT] send beat with 0 keys.

2020-06-01 00:17:35,016 INFO raw beat data size: 163, size of compressed data: 143

2020-06-01 00:17:39,755 INFO add listener: com.alibaba.nacos.naming.iplist.public##DEFAULT_GROUP@@user-center

2020-06-01 00:17:40,021 INFO [RAFT] send beat with 0 keys.

2020-06-01 00:17:40,021 INFO raw beat data size: 163, size of compressed data: 144

2020-06-01 00:17:45,028 INFO [RAFT] send beat with 0 keys.

2020-06-01 00:17:45,028 INFO raw beat data size: 163, size of compressed data: 139

2020-06-01 00:17:50,035 INFO [RAFT] send beat with 0 keys.

2020-06-01 00:17:50,035 INFO raw beat data size: 163, size of compressed data: 142

2020-06-01 00:17:55,040 INFO [RAFT] send beat with 0 keys.

2020-06-01 00:17:55,040 INFO raw beat data size: 163, size of compressed data: 146

2020-06-01 00:18:00,045 INFO [RAFT] send beat with 0 keys.

2020-06-01 00:18:00,045 INFO raw beat data size: 163, size of compressed data: 142

2020-06-01 00:18:05,051 INFO [RAFT] send beat with 0 keys.

2020-06-01 00:18:05,051 INFO raw beat data size: 163, size of compressed data: 139

2020-06-01 00:18:10,056 INFO [RAFT] send beat with 0 keys.

2020-06-01 00:18:10,056 INFO raw beat data size: 163, size of compressed data: 142

2020-06-01 00:18:15,061 INFO [RAFT] send beat with 0 keys.

2020-06-01 00:18:15,061 INFO raw beat data size: 163, size of compressed data: 139

2020-06-01 00:18:20,066 INFO [RAFT] send beat with 0 keys.

2020-06-01 00:18:20,066 INFO raw beat data size: 163, size of compressed data: 138

2020-06-01 00:18:25,072 INFO [RAFT] send beat with 0 keys.

2020-06-01 00:18:25,072 INFO raw beat data size: 163, size of compressed data: 139

2020-06-01 00:18:30,077 INFO [RAFT] send beat with 0 keys.

2020-06-01 00:18:30,077 INFO raw beat data size: 163, size of compressed data: 142

2020-06-01 00:18:35,082 INFO [RAFT] send beat with 0 keys.

2020-06-01 00:18:35,082 INFO raw beat data size: 163, size of compressed data: 142

2020-06-01 00:18:40,087 INFO [RAFT] send beat with 0 keys.

2020-06-01 00:18:40,087 INFO raw beat data size: 163, size of compressed data: 143

2020-06-01 00:18:45,092 INFO [RAFT] send beat with 0 keys.

2020-06-01 00:18:45,092 INFO raw beat data size: 163, size of compressed data: 141

2020-06-01 00:18:50,097 INFO [RAFT] send beat with 0 keys.

2020-06-01 00:18:50,097 INFO raw beat data size: 163, size of compressed data: 143

2020-06-01 00:18:55,103 INFO [RAFT] send beat with 0 keys.

2020-06-01 00:18:55,103 INFO raw beat data size: 163, size of compressed data: 141

2020-06-01 00:19:00,107 INFO [RAFT] send beat with 0 keys.

2020-06-01 00:19:00,107 INFO raw beat data size: 163, size of compressed data: 144

2020-06-01 00:19:05,112 INFO [RAFT] send beat with 0 keys.

2020-06-01 00:19:05,112 INFO raw beat data size: 163, size of compressed data: 139

2020-06-01 00:19:10,117 INFO [RAFT] send beat with 0 keys.

2020-06-01 00:19:10,117 INFO raw beat data size: 163, size of compressed data: 141

2020-06-01 00:19:15,122 INFO [RAFT] send beat with 0 keys.

2020-06-01 00:19:15,122 INFO raw beat data size: 163, size of compressed data: 141

2020-06-01 00:19:20,127 INFO [RAFT] send beat with 0 keys.

2020-06-01 00:19:20,127 INFO raw beat data size: 163, size of compressed data: 143

2020-06-01 00:19:25,132 INFO [RAFT] send beat with 0 keys.

2020-06-01 00:19:25,132 INFO raw beat data size: 163, size of compressed data: 136

2020-06-01 00:19:30,138 INFO [RAFT] send beat with 0 keys.

2020-06-01 00:19:30,138 INFO raw beat data size: 163, size of compressed data: 142

2020-06-01 00:19:35,143 INFO [RAFT] send beat with 0 keys.

2020-06-01 00:19:35,143 INFO raw beat data size: 163, size of compressed data: 142

2020-06-01 00:19:40,148 INFO [RAFT] send beat with 0 keys.

2020-06-01 00:19:40,148 INFO raw beat data size: 163, size of compressed data: 137

2020-06-01 00:19:45,154 INFO [RAFT] send beat with 0 keys.

2020-06-01 00:19:45,154 INFO raw beat data size: 163, size of compressed data: 140

2020-06-01 00:19:50,159 INFO [RAFT] send beat with 0 keys.

2020-06-01 00:19:50,159 INFO raw beat data size: 163, size of compressed data: 142

2020-06-01 00:19:55,164 INFO [RAFT] send beat with 0 keys.

2020-06-01 00:19:55,164 INFO raw beat data size: 163, size of compressed data: 140

2020-06-01 00:20:00,169 INFO [RAFT] send beat with 0 keys.

2020-06-01 00:20:00,169 INFO raw beat data size: 163, size of compressed data: 140

2020-06-01 00:20:05,175 INFO [RAFT] send beat with 0 keys.

2020-06-01 00:20:05,175 INFO raw beat data size: 163, size of compressed data: 142

2020-06-01 00:20:10,182 INFO [RAFT] send beat with 0 keys.

2020-06-01 00:20:10,182 INFO raw beat data size: 163, size of compressed data: 141

2020-06-01 00:20:15,187 INFO [RAFT] send beat with 0 keys.

2020-06-01 00:20:15,187 INFO raw beat data size: 163, size of compressed data: 139

2020-06-01 00:20:20,193 INFO [RAFT] send beat with 0 keys.

2020-06-01 00:20:20,193 INFO raw beat data size: 163, size of compressed data: 142

2020-06-01 00:20:25,198 INFO [RAFT] send beat with 0 keys.

2020-06-01 00:20:25,198 INFO raw beat data size: 163, size of compressed data: 139

2020-06-01 00:20:30,203 INFO [RAFT] send beat with 0 keys.

2020-06-01 00:20:30,203 INFO raw beat data size: 163, size of compressed data: 133

2020-06-01 00:20:35,208 INFO [RAFT] send beat with 0 keys.

2020-06-01 00:20:35,208 INFO raw beat data size: 163, size of compressed data: 141

2020-06-01 00:20:40,213 INFO [RAFT] send beat with 0 keys.

2020-06-01 00:20:40,213 INFO raw beat data size: 163, size of compressed data: 143

2020-06-01 00:20:45,218 INFO [RAFT] send beat with 0 keys.

2020-06-01 00:20:45,218 INFO raw beat data size: 163, size of compressed data: 144

2020-06-01 00:20:50,224 INFO [RAFT] send beat with 0 keys.

2020-06-01 00:20:50,224 INFO raw beat data size: 163, size of compressed data: 139

2020-06-01 00:20:55,229 INFO [RAFT] send beat with 0 keys.

2020-06-01 00:20:55,229 INFO raw beat data size: 163, size of compressed data: 144

2020-06-01 00:21:00,235 INFO [RAFT] send beat with 0 keys.

2020-06-01 00:21:00,235 INFO raw beat data size: 163, size of compressed data: 139

2020-06-01 00:21:05,240 INFO [RAFT] send beat with 0 keys.

2020-06-01 00:21:05,240 INFO raw beat data size: 163, size of compressed data: 140

2020-06-01 00:21:10,245 INFO [RAFT] send beat with 0 keys.

2020-06-01 00:21:10,245 INFO raw beat data size: 163, size of compressed data: 137

2020-06-01 00:21:15,251 INFO [RAFT] send beat with 0 keys.

2020-06-01 00:21:15,251 INFO raw beat data size: 163, size of compressed data: 139

2020-06-01 00:21:20,257 INFO [RAFT] send beat with 0 keys.

2020-06-01 00:21:20,257 INFO raw beat data size: 163, size of compressed data: 141

2020-06-01 00:21:25,262 INFO [RAFT] send beat with 0 keys.

2020-06-01 00:21:25,262 INFO raw beat data size: 163, size of compressed data: 142

2020-06-01 00:21:30,268 INFO [RAFT] send beat with 0 keys.

2020-06-01 00:21:30,268 INFO raw beat data size: 163, size of compressed data: 141

2020-06-01 00:21:35,273 INFO [RAFT] send beat with 0 keys.

2020-06-01 00:21:35,275 INFO raw beat data size: 163, size of compressed data: 136

2020-06-01 00:21:40,282 INFO [RAFT] send beat with 0 keys.

2020-06-01 00:21:40,282 INFO raw beat data size: 163, size of compressed data: 137

2020-06-01 00:21:45,288 INFO [RAFT] send beat with 0 keys.

2020-06-01 00:21:45,288 INFO raw beat data size: 163, size of compressed data: 140

2020-06-01 00:21:50,293 INFO [RAFT] send beat with 0 keys.

2020-06-01 00:21:50,293 INFO raw beat data size: 163, size of compressed data: 142

2020-06-01 00:21:55,298 INFO [RAFT] send beat with 0 keys.

2020-06-01 00:21:55,298 INFO raw beat data size: 163, size of compressed data: 139

2020-06-01 00:22:00,305 INFO [RAFT] send beat with 0 keys.

2020-06-01 00:22:00,305 INFO raw beat data size: 163, size of compressed data: 142

2020-06-01 00:22:05,310 INFO [RAFT] send beat with 0 keys.

2020-06-01 00:22:05,310 INFO raw beat data size: 163, size of compressed data: 144

2020-06-01 00:22:10,314 INFO [RAFT] send beat with 0 keys.

2020-06-01 00:22:10,314 INFO raw beat data size: 163, size of compressed data: 143

2020-06-01 00:22:15,319 INFO [RAFT] send beat with 0 keys.

2020-06-01 00:22:15,319 INFO raw beat data size: 163, size of compressed data: 142

2020-06-01 00:22:20,324 INFO [RAFT] send beat with 0 keys.

2020-06-01 00:22:20,324 INFO raw beat data size: 163, size of compressed data: 138

2020-06-01 00:22:25,330 INFO [RAFT] send beat with 0 keys.

2020-06-01 00:22:25,330 INFO raw beat data size: 163, size of compressed data: 145

2020-06-01 00:22:30,336 INFO [RAFT] send beat with 0 keys.

2020-06-01 00:22:30,336 INFO raw beat data size: 163, size of compressed data: 141

2020-06-01 00:22:35,342 INFO [RAFT] send beat with 0 keys.

2020-06-01 00:22:35,342 INFO raw beat data size: 163, size of compressed data: 140

2020-06-01 00:22:40,347 INFO [RAFT] send beat with 0 keys.

2020-06-01 00:22:40,347 INFO raw beat data size: 163, size of compressed data: 143

2020-06-01 00:22:45,353 INFO [RAFT] send beat with 0 keys.

2020-06-01 00:22:45,353 INFO raw beat data size: 163, size of compressed data: 141

2020-06-01 00:22:50,358 INFO [RAFT] send beat with 0 keys.

2020-06-01 00:22:50,358 INFO raw beat data size: 163, size of compressed data: 144

2020-06-01 00:22:55,363 INFO [RAFT] send beat with 0 keys.

2020-06-01 00:22:55,363 INFO raw beat data size: 163, size of compressed data: 142

2020-06-01 00:23:00,369 INFO [RAFT] send beat with 0 keys.

2020-06-01 00:23:00,369 INFO raw beat data size: 163, size of compressed data: 136

2020-06-01 00:23:05,374 INFO [RAFT] send beat with 0 keys.

2020-06-01 00:23:05,374 INFO raw beat data size: 163, size of compressed data: 138

