2020-06-01 00:00:16,726 INFO [NACOS-PUSH] clientMap size: 0

2020-06-01 00:00:36,728 INFO [NACOS-PUSH] clientMap size: 0

2020-06-01 00:00:56,729 INFO [NACOS-PUSH] clientMap size: 0

2020-06-01 00:01:16,730 INFO [NACOS-PUSH] clientMap size: 0

2020-06-01 00:01:36,731 INFO [NACOS-PUSH] clientMap size: 0

2020-06-01 00:01:56,731 INFO [NACOS-PUSH] clientMap size: 0

2020-06-01 00:02:16,733 INFO [NACOS-PUSH] clientMap size: 0

2020-06-01 00:02:36,734 INFO [NACOS-PUSH] clientMap size: 0

2020-06-01 00:02:56,734 INFO [NACOS-PUSH] clientMap size: 0

2020-06-01 00:03:16,735 INFO [NACOS-PUSH] clientMap size: 0

2020-06-01 00:03:36,738 INFO [NACOS-PUSH] clientMap size: 0

2020-06-01 00:03:56,738 INFO [NACOS-PUSH] clientMap size: 0

2020-06-01 00:04:16,739 INFO [NACOS-PUSH] clientMap size: 0

2020-06-01 00:04:36,740 INFO [NACOS-PUSH] clientMap size: 0

2020-06-01 00:04:56,741 INFO [NACOS-PUSH] clientMap size: 0

2020-06-01 00:05:16,742 INFO [NACOS-PUSH] clientMap size: 0

2020-06-01 00:05:36,742 INFO [NACOS-PUSH] clientMap size: 0

2020-06-01 00:05:56,743 INFO [NACOS-PUSH] clientMap size: 0

2020-06-01 00:06:16,744 INFO [NACOS-PUSH] clientMap size: 0

2020-06-01 00:06:36,745 INFO [NACOS-PUSH] clientMap size: 0

2020-06-01 00:06:56,746 INFO [NACOS-PUSH] clientMap size: 0

2020-06-01 00:07:16,746 INFO [NACOS-PUSH] clientMap size: 0

2020-06-01 00:07:36,747 INFO [NACOS-PUSH] clientMap size: 0

2020-06-01 00:07:56,748 INFO [NACOS-PUSH] clientMap size: 0

2020-06-01 00:08:16,749 INFO [NACOS-PUSH] clientMap size: 0

2020-06-01 00:08:36,749 INFO [NACOS-PUSH] clientMap size: 0

2020-06-01 00:08:56,750 INFO [NACOS-PUSH] clientMap size: 0

2020-06-01 00:09:16,751 INFO [NACOS-PUSH] clientMap size: 0

2020-06-01 00:09:36,752 INFO [NACOS-PUSH] clientMap size: 0

2020-06-01 00:09:56,753 INFO [NACOS-PUSH] clientMap size: 0

2020-06-01 00:10:16,753 INFO [NACOS-PUSH] clientMap size: 0

2020-06-01 00:10:36,754 INFO [NACOS-PUSH] clientMap size: 0

2020-06-01 00:10:56,754 INFO [NACOS-PUSH] clientMap size: 0

2020-06-01 00:11:16,756 INFO [NACOS-PUSH] clientMap size: 0

2020-06-01 00:11:36,757 INFO [NACOS-PUSH] clientMap size: 0

2020-06-01 00:11:56,757 INFO [NACOS-PUSH] clientMap size: 0

2020-06-01 00:12:16,758 INFO [NACOS-PUSH] clientMap size: 0

2020-06-01 00:12:36,759 INFO [NACOS-PUSH] clientMap size: 0

2020-06-01 00:12:56,760 INFO [NACOS-PUSH] clientMap size: 0

2020-06-01 00:13:16,760 INFO [NACOS-PUSH] clientMap size: 0

2020-06-01 00:13:36,761 INFO [NACOS-PUSH] clientMap size: 0

2020-06-01 00:13:56,762 INFO [NACOS-PUSH] clientMap size: 0

2020-06-01 00:14:16,763 INFO [NACOS-PUSH] clientMap size: 0

2020-06-01 00:14:36,764 INFO [NACOS-PUSH] clientMap size: 0

2020-06-01 00:14:56,765 INFO [NACOS-PUSH] clientMap size: 0

2020-06-01 00:15:16,765 INFO [NACOS-PUSH] clientMap size: 0

2020-06-01 00:15:36,766 INFO [NACOS-PUSH] clientMap size: 0

2020-06-01 00:15:56,767 INFO [NACOS-PUSH] clientMap size: 0

2020-06-01 00:16:16,768 INFO [NACOS-PUSH] clientMap size: 0

2020-06-01 00:16:31,249 INFO DEFAULT_GROUP@@user-center is changed, add it to push queue.

2020-06-01 00:16:33,690 INFO DEFAULT_GROUP@@content-center is changed, add it to push queue.

2020-06-01 00:16:36,769 INFO [NACOS-PUSH] clientMap size: 0

2020-06-01 00:16:45,638 INFO DEFAULT_GROUP@@user-center is changed, add it to push queue.

2020-06-01 00:16:45,638 INFO serviceName: DEFAULT_GROUP@@user-center changed, schedule push for: 192.168.56.1:51426, agent: Nacos-Java-Client:v1.0.0, key: 192.168.56.1,51426,124918387346900

2020-06-01 00:16:45,639 INFO send udp packet: 192.168.56.1,51426,124918387346900

2020-06-01 00:16:45,646 INFO received ack: {"type": "push-ack", "lastRefTime":"124918387346900", "data":""} from: 192.168.56.1:, cost: 51426 ms, unacked: 7, total push: 0

2020-06-01 00:16:56,769 INFO [NACOS-PUSH] clientMap size: 1

2020-06-01 00:17:16,770 INFO [NACOS-PUSH] clientMap size: 3

2020-06-01 00:17:27,952 INFO DEFAULT_GROUP@@user-center is changed, add it to push queue.

2020-06-01 00:17:27,952 INFO serviceName: DEFAULT_GROUP@@user-center changed, schedule push for: 192.168.56.1:64748, agent: Nacos-Java-Client:v1.0.0, key: 192.168.56.1,64748,124960701083100

2020-06-01 00:17:27,952 INFO send udp packet: 192.168.56.1,64748,124960701083100

2020-06-01 00:17:27,953 INFO serviceName: DEFAULT_GROUP@@user-center changed, schedule push for: 192.168.56.1:51426, agent: Nacos-Java-Client:v1.0.0, key: 192.168.56.1,51426,124960701083100

2020-06-01 00:17:27,953 INFO send udp packet: 192.168.56.1,51426,124960701083100

2020-06-01 00:17:36,771 INFO [NACOS-PUSH] clientMap size: 1

2020-06-01 00:17:37,953 INFO retry to push data, key: 192.168.56.1,64748,124960701083100

2020-06-01 00:17:37,953 INFO send udp packet: 192.168.56.1,64748,124960701083100

2020-06-01 00:17:37,953 INFO retry to push data, key: 192.168.56.1,51426,124960701083100

2020-06-01 00:17:37,954 INFO send udp packet: 192.168.56.1,51426,124960701083100

2020-06-01 00:17:40,757 INFO DEFAULT_GROUP@@user-center is changed, add it to push queue.

2020-06-01 00:17:47,955 INFO retry to push data, key: 192.168.56.1,64748,124960701083100

2020-06-01 00:17:47,955 WARN max re-push times reached, retry times 2, key: 192.168.56.1,64748,124960701083100

2020-06-01 00:17:47,955 INFO retry to push data, key: 192.168.56.1,51426,124960701083100

2020-06-01 00:17:47,955 WARN max re-push times reached, retry times 2, key: 192.168.56.1,51426,124960701083100

2020-06-01 00:17:53,101 INFO DEFAULT_GROUP@@user-center is changed, add it to push queue.

2020-06-01 00:17:53,101 INFO serviceName: DEFAULT_GROUP@@user-center changed, schedule push for: 192.168.56.1:52894, agent: Nacos-Java-Client:v1.0.0, key: 192.168.56.1,52894,124985850541800

2020-06-01 00:17:53,101 INFO send udp packet: 192.168.56.1,52894,124985850541800

2020-06-01 00:17:53,108 INFO received ack: {"type": "push-ack", "lastRefTime":"124985850541800", "data":""} from: 192.168.56.1:, cost: 52894 ms, unacked: 7, total push: 0

2020-06-01 00:17:56,772 INFO [NACOS-PUSH] clientMap size: 4

2020-06-01 00:18:16,773 INFO [NACOS-PUSH] clientMap size: 6

2020-06-01 00:18:36,774 INFO [NACOS-PUSH] clientMap size: 6

2020-06-01 00:18:56,774 INFO [NACOS-PUSH] clientMap size: 6

2020-06-01 00:19:16,776 INFO [NACOS-PUSH] clientMap size: 6

2020-06-01 00:19:36,776 INFO [NACOS-PUSH] clientMap size: 6

2020-06-01 00:19:56,777 INFO [NACOS-PUSH] clientMap size: 6

2020-06-01 00:20:16,778 INFO [NACOS-PUSH] clientMap size: 6

2020-06-01 00:20:36,779 INFO [NACOS-PUSH] clientMap size: 6

2020-06-01 00:20:56,780 INFO [NACOS-PUSH] clientMap size: 6

2020-06-01 00:21:16,782 INFO [NACOS-PUSH] clientMap size: 6

2020-06-01 00:21:36,783 INFO [NACOS-PUSH] clientMap size: 6

2020-06-01 00:21:56,784 INFO [NACOS-PUSH] clientMap size: 6

2020-06-01 00:22:16,785 INFO [NACOS-PUSH] clientMap size: 6

2020-06-01 00:22:36,786 INFO [NACOS-PUSH] clientMap size: 6

2020-06-01 00:22:56,787 INFO [NACOS-PUSH] clientMap size: 6

